

Started GET "/" for 127.0.0.1 at 2012-10-09 00:32:10 +0400
Connecting to database specified by database.yml
Processing by PagesController#home as HTML
  Rendered pages/home.html.erb within layouts/application (3.2ms)
Compiled blueprint/screen.css  (0ms)  (pid 16363)
Compiled blueprint/print.css  (0ms)  (pid 16363)
Compiled blueprint/ie.css  (0ms)  (pid 16363)
Compiled custom.css  (0ms)  (pid 16363)
  Rendered layouts/_stylesheets.html.erb (74.7ms)
  Rendered layouts/_header.html.erb (1.8ms)
  Rendered layouts/_footer.html.erb (1.1ms)
Completed 200 OK in 116ms (Views: 115.7ms | ActiveRecord: 0.0ms)


Started GET "/assets/blueprint/screen.css?body=1" for 127.0.0.1 at 2012-10-09 00:32:11 +0400
Served asset /blueprint/screen.css - 200 OK (5ms)


Started GET "/assets/custom.css?body=1" for 127.0.0.1 at 2012-10-09 00:32:11 +0400
Served asset /custom.css - 200 OK (7ms)


Started GET "/assets/logo.png" for 127.0.0.1 at 2012-10-09 00:32:11 +0400
Served asset /logo.png - 200 OK (5ms)


Started GET "/assets/blueprint/print.css?body=1" for 127.0.0.1 at 2012-10-09 00:32:11 +0400
Served asset /blueprint/print.css - 200 OK (3ms)
